2025-07-17 09:30:57,401 - session.session_manager - INFO - SessionManager initialized with 24h timeout
2025-07-17 09:30:57,403 - main - INFO - お買い物エージェントを起動中...
2025-07-17 09:30:57,403 - agents.conversation_agent - INFO - Initializing ConversationAgent...
2025-07-17 09:30:57,504 - agents.conversation_agent - INFO - ConversationAgent initialized successfully
2025-07-17 09:30:57,504 - agents.user_preference_agent - INFO - Initializing UserPreferenceAgent...
2025-07-17 09:30:57,606 - agents.user_preference_agent - INFO - UserPreferenceAgent initialized successfully
2025-07-17 09:30:57,606 - agents.product_search_agent - INFO - Initializing ProductSearchAgent...
2025-07-17 09:30:57,707 - agents.product_search_agent - INFO - ProductSearchAgent initialized successfully
2025-07-17 09:30:57,708 - agents.result_aggregator_agent - INFO - Initializing ResultAggregatorAgent...
2025-07-17 09:30:57,809 - agents.result_aggregator_agent - INFO - ResultAggregatorAgent initialized successfully
2025-07-17 09:30:57,809 - main - INFO - アプリケーションの初期化が完了しました
2025-07-17 09:32:18,672 - main - INFO - アプリケーションを終了中...
2025-07-17 09:32:18,673 - agents.conversation_agent - INFO - Cleaning up ConversationAgent...
2025-07-17 09:32:18,673 - agents.conversation_agent - INFO - ConversationAgent cleaned up successfully
2025-07-17 09:32:18,673 - agents.user_preference_agent - INFO - Cleaning up UserPreferenceAgent...
2025-07-17 09:32:18,673 - agents.user_preference_agent - INFO - UserPreferenceAgent cleaned up successfully
2025-07-17 09:32:18,673 - agents.product_search_agent - INFO - Cleaning up ProductSearchAgent...
2025-07-17 09:32:18,673 - agents.product_search_agent - INFO - ProductSearchAgent cleaned up successfully
2025-07-17 09:32:18,673 - agents.result_aggregator_agent - INFO - Cleaning up ResultAggregatorAgent...
2025-07-17 09:32:18,673 - agents.result_aggregator_agent - INFO - ResultAggregatorAgent cleaned up successfully
2025-07-17 09:32:18,673 - main - INFO - アプリケーションの終了が完了しました
2025-07-17 09:32:18,992 - session.session_manager - INFO - SessionManager initialized with 24h timeout
2025-07-17 09:32:18,996 - main - INFO - お買い物エージェントを起動中...
2025-07-17 09:32:18,996 - agents.conversation_agent - INFO - Initializing ConversationAgent...
2025-07-17 09:32:19,098 - agents.conversation_agent - INFO - ConversationAgent initialized successfully
2025-07-17 09:32:19,098 - agents.user_preference_agent - INFO - Initializing UserPreferenceAgent...
2025-07-17 09:32:19,198 - agents.user_preference_agent - INFO - UserPreferenceAgent initialized successfully
2025-07-17 09:32:19,198 - agents.product_search_agent - INFO - Initializing ProductSearchAgent...
2025-07-17 09:32:19,299 - agents.product_search_agent - INFO - ProductSearchAgent initialized successfully
2025-07-17 09:32:19,299 - agents.result_aggregator_agent - INFO - Initializing ResultAggregatorAgent...
2025-07-17 09:32:19,401 - agents.result_aggregator_agent - INFO - ResultAggregatorAgent initialized successfully
2025-07-17 09:32:19,401 - main - INFO - アプリケーションの初期化が完了しました
2025-07-17 09:32:33,048 - main - INFO - アプリケーションを終了中...
2025-07-17 09:32:33,049 - agents.conversation_agent - INFO - Cleaning up ConversationAgent...
2025-07-17 09:32:33,049 - agents.conversation_agent - INFO - ConversationAgent cleaned up successfully
2025-07-17 09:32:33,049 - agents.user_preference_agent - INFO - Cleaning up UserPreferenceAgent...
2025-07-17 09:32:33,049 - agents.user_preference_agent - INFO - UserPreferenceAgent cleaned up successfully
2025-07-17 09:32:33,049 - agents.product_search_agent - INFO - Cleaning up ProductSearchAgent...
2025-07-17 09:32:33,049 - agents.product_search_agent - INFO - ProductSearchAgent cleaned up successfully
2025-07-17 09:32:33,049 - agents.result_aggregator_agent - INFO - Cleaning up ResultAggregatorAgent...
2025-07-17 09:32:33,049 - agents.result_aggregator_agent - INFO - ResultAggregatorAgent cleaned up successfully
2025-07-17 09:32:33,049 - main - INFO - アプリケーションの終了が完了しました
2025-07-17 09:32:36,415 - session.session_manager - INFO - SessionManager initialized with 24h timeout
2025-07-17 09:32:36,417 - main - INFO - お買い物エージェントを起動中...
2025-07-17 09:32:36,417 - agents.conversation_agent - INFO - Initializing ConversationAgent...
2025-07-17 09:32:36,518 - agents.conversation_agent - INFO - ConversationAgent initialized successfully
2025-07-17 09:32:36,518 - agents.user_preference_agent - INFO - Initializing UserPreferenceAgent...
2025-07-17 09:32:36,619 - agents.user_preference_agent - INFO - UserPreferenceAgent initialized successfully
2025-07-17 09:32:36,619 - agents.product_search_agent - INFO - Initializing ProductSearchAgent...
2025-07-17 09:32:36,721 - agents.product_search_agent - INFO - ProductSearchAgent initialized successfully
2025-07-17 09:32:36,721 - agents.result_aggregator_agent - INFO - Initializing ResultAggregatorAgent...
2025-07-17 09:32:36,823 - agents.result_aggregator_agent - INFO - ResultAggregatorAgent initialized successfully
2025-07-17 09:32:36,823 - main - INFO - アプリケーションの初期化が完了しました
2025-07-17 09:34:03,864 - main - INFO - アプリケーションを終了中...
2025-07-17 09:34:03,864 - agents.conversation_agent - INFO - Cleaning up ConversationAgent...
2025-07-17 09:34:03,864 - agents.conversation_agent - INFO - ConversationAgent cleaned up successfully
2025-07-17 09:34:03,864 - agents.user_preference_agent - INFO - Cleaning up UserPreferenceAgent...
2025-07-17 09:34:03,865 - agents.user_preference_agent - INFO - UserPreferenceAgent cleaned up successfully
2025-07-17 09:34:03,865 - agents.product_search_agent - INFO - Cleaning up ProductSearchAgent...
2025-07-17 09:34:03,865 - agents.product_search_agent - INFO - ProductSearchAgent cleaned up successfully
2025-07-17 09:34:03,865 - agents.result_aggregator_agent - INFO - Cleaning up ResultAggregatorAgent...
2025-07-17 09:34:03,865 - agents.result_aggregator_agent - INFO - ResultAggregatorAgent cleaned up successfully
2025-07-17 09:34:03,865 - main - INFO - アプリケーションの終了が完了しました
2025-07-17 09:34:05,814 - session.session_manager - INFO - SessionManager initialized with 24h timeout
2025-07-17 09:34:05,816 - main - INFO - お買い物エージェントを起動中...
2025-07-17 09:34:05,816 - agents.conversation_agent - INFO - Initializing ConversationAgent...
2025-07-17 09:34:05,918 - agents.conversation_agent - INFO - ConversationAgent initialized successfully
2025-07-17 09:34:05,918 - agents.user_preference_agent - INFO - Initializing UserPreferenceAgent...
2025-07-17 09:34:06,019 - agents.user_preference_agent - INFO - UserPreferenceAgent initialized successfully
2025-07-17 09:34:06,019 - agents.product_search_agent - INFO - Initializing ProductSearchAgent...
2025-07-17 09:34:06,121 - agents.product_search_agent - INFO - ProductSearchAgent initialized successfully
2025-07-17 09:34:06,121 - agents.result_aggregator_agent - INFO - Initializing ResultAggregatorAgent...
2025-07-17 09:34:06,222 - agents.result_aggregator_agent - INFO - ResultAggregatorAgent initialized successfully
2025-07-17 09:34:06,223 - main - INFO - アプリケーションの初期化が完了しました
2025-07-17 09:35:06,973 - main - INFO - アプリケーションを終了中...
2025-07-17 09:35:06,973 - agents.conversation_agent - INFO - Cleaning up ConversationAgent...
2025-07-17 09:35:06,973 - agents.conversation_agent - INFO - ConversationAgent cleaned up successfully
2025-07-17 09:35:06,973 - agents.user_preference_agent - INFO - Cleaning up UserPreferenceAgent...
2025-07-17 09:35:06,973 - agents.user_preference_agent - INFO - UserPreferenceAgent cleaned up successfully
2025-07-17 09:35:06,973 - agents.product_search_agent - INFO - Cleaning up ProductSearchAgent...
2025-07-17 09:35:06,973 - agents.product_search_agent - INFO - ProductSearchAgent cleaned up successfully
2025-07-17 09:35:06,973 - agents.result_aggregator_agent - INFO - Cleaning up ResultAggregatorAgent...
2025-07-17 09:35:06,973 - agents.result_aggregator_agent - INFO - ResultAggregatorAgent cleaned up successfully
2025-07-17 09:35:06,973 - main - INFO - アプリケーションの終了が完了しました
2025-07-17 09:35:07,240 - session.session_manager - INFO - SessionManager initialized with 24h timeout
2025-07-17 09:35:07,242 - main - INFO - お買い物エージェントを起動中...
2025-07-17 09:35:07,242 - agents.conversation_agent - INFO - Initializing ConversationAgent...
2025-07-17 09:35:07,343 - agents.conversation_agent - INFO - ConversationAgent initialized successfully
2025-07-17 09:35:07,343 - agents.user_preference_agent - INFO - Initializing UserPreferenceAgent...
2025-07-17 09:35:07,444 - agents.user_preference_agent - INFO - UserPreferenceAgent initialized successfully
2025-07-17 09:35:07,445 - agents.product_search_agent - INFO - Initializing ProductSearchAgent...
2025-07-17 09:35:07,546 - agents.product_search_agent - INFO - ProductSearchAgent initialized successfully
2025-07-17 09:35:07,546 - agents.result_aggregator_agent - INFO - Initializing ResultAggregatorAgent...
2025-07-17 09:35:07,648 - agents.result_aggregator_agent - INFO - ResultAggregatorAgent initialized successfully
2025-07-17 09:35:07,648 - main - INFO - アプリケーションの初期化が完了しました
2025-07-17 09:35:20,994 - main - INFO - アプリケーションを終了中...
2025-07-17 09:35:20,995 - agents.conversation_agent - INFO - Cleaning up ConversationAgent...
2025-07-17 09:35:20,995 - agents.conversation_agent - INFO - ConversationAgent cleaned up successfully
2025-07-17 09:35:20,995 - agents.user_preference_agent - INFO - Cleaning up UserPreferenceAgent...
2025-07-17 09:35:20,995 - agents.user_preference_agent - INFO - UserPreferenceAgent cleaned up successfully
2025-07-17 09:35:20,995 - agents.product_search_agent - INFO - Cleaning up ProductSearchAgent...
2025-07-17 09:35:20,995 - agents.product_search_agent - INFO - ProductSearchAgent cleaned up successfully
2025-07-17 09:35:20,995 - agents.result_aggregator_agent - INFO - Cleaning up ResultAggregatorAgent...
2025-07-17 09:35:20,995 - agents.result_aggregator_agent - INFO - ResultAggregatorAgent cleaned up successfully
2025-07-17 09:35:20,995 - main - INFO - アプリケーションの終了が完了しました
2025-07-17 09:35:24,677 - session.session_manager - INFO - SessionManager initialized with 24h timeout
2025-07-17 09:35:24,679 - main - INFO - お買い物エージェントを起動中...
2025-07-17 09:35:24,679 - agents.conversation_agent - INFO - Initializing ConversationAgent...
2025-07-17 09:35:24,780 - agents.conversation_agent - INFO - ConversationAgent initialized successfully
2025-07-17 09:35:24,780 - agents.user_preference_agent - INFO - Initializing UserPreferenceAgent...
2025-07-17 09:35:24,881 - agents.user_preference_agent - INFO - UserPreferenceAgent initialized successfully
2025-07-17 09:35:24,882 - agents.product_search_agent - INFO - Initializing ProductSearchAgent...
2025-07-17 09:35:24,983 - agents.product_search_agent - INFO - ProductSearchAgent initialized successfully
2025-07-17 09:35:24,984 - agents.result_aggregator_agent - INFO - Initializing ResultAggregatorAgent...
2025-07-17 09:35:25,085 - agents.result_aggregator_agent - INFO - ResultAggregatorAgent initialized successfully
2025-07-17 09:35:25,086 - main - INFO - アプリケーションの初期化が完了しました
2025-07-17 09:41:57,241 - main - INFO - アプリケーションを終了中...
2025-07-17 09:41:57,241 - agents.conversation_agent - INFO - Cleaning up ConversationAgent...
2025-07-17 09:41:57,241 - agents.conversation_agent - INFO - ConversationAgent cleaned up successfully
2025-07-17 09:41:57,241 - agents.user_preference_agent - INFO - Cleaning up UserPreferenceAgent...
2025-07-17 09:41:57,241 - agents.user_preference_agent - INFO - UserPreferenceAgent cleaned up successfully
2025-07-17 09:41:57,241 - agents.product_search_agent - INFO - Cleaning up ProductSearchAgent...
2025-07-17 09:41:57,241 - agents.product_search_agent - INFO - ProductSearchAgent cleaned up successfully
2025-07-17 09:41:57,241 - agents.result_aggregator_agent - INFO - Cleaning up ResultAggregatorAgent...
2025-07-17 09:41:57,241 - agents.result_aggregator_agent - INFO - ResultAggregatorAgent cleaned up successfully
2025-07-17 09:41:57,242 - main - INFO - アプリケーションの終了が完了しました
2025-07-17 09:42:11,555 - session.session_manager - INFO - SessionManager initialized with 24h timeout
2025-07-17 09:42:11,558 - main - INFO - お買い物エージェントを起動中...
2025-07-17 09:42:11,558 - agents.conversation_agent - INFO - Initializing ConversationAgent...
2025-07-17 09:42:11,659 - agents.conversation_agent - INFO - ConversationAgent initialized successfully
2025-07-17 09:42:11,659 - agents.user_preference_agent - INFO - Initializing UserPreferenceAgent...
2025-07-17 09:42:11,760 - agents.user_preference_agent - INFO - UserPreferenceAgent initialized successfully
2025-07-17 09:42:11,761 - agents.product_search_agent - INFO - Initializing ProductSearchAgent...
2025-07-17 09:42:11,862 - agents.product_search_agent - INFO - ProductSearchAgent initialized successfully
2025-07-17 09:42:11,862 - agents.result_aggregator_agent - INFO - Initializing ResultAggregatorAgent...
2025-07-17 09:42:11,963 - agents.result_aggregator_agent - INFO - ResultAggregatorAgent initialized successfully
2025-07-17 09:42:11,963 - main - INFO - アプリケーションの初期化が完了しました
2025-07-17 09:42:17,015 - main - INFO - アプリケーションを終了中...
2025-07-17 09:42:17,015 - agents.conversation_agent - INFO - Cleaning up ConversationAgent...
2025-07-17 09:42:17,015 - agents.conversation_agent - INFO - ConversationAgent cleaned up successfully
2025-07-17 09:42:17,016 - agents.user_preference_agent - INFO - Cleaning up UserPreferenceAgent...
2025-07-17 09:42:17,016 - agents.user_preference_agent - INFO - UserPreferenceAgent cleaned up successfully
2025-07-17 09:42:17,016 - agents.product_search_agent - INFO - Cleaning up ProductSearchAgent...
2025-07-17 09:42:17,016 - agents.product_search_agent - INFO - ProductSearchAgent cleaned up successfully
2025-07-17 09:42:17,016 - agents.result_aggregator_agent - INFO - Cleaning up ResultAggregatorAgent...
2025-07-17 09:42:17,016 - agents.result_aggregator_agent - INFO - ResultAggregatorAgent cleaned up successfully
2025-07-17 09:42:17,016 - main - INFO - アプリケーションの終了が完了しました
2025-07-17 09:42:17,242 - session.session_manager - INFO - SessionManager initialized with 24h timeout
2025-07-17 09:42:17,244 - main - INFO - お買い物エージェントを起動中...
2025-07-17 09:42:17,244 - agents.conversation_agent - INFO - Initializing ConversationAgent...
2025-07-17 09:42:17,346 - agents.conversation_agent - INFO - ConversationAgent initialized successfully
2025-07-17 09:42:17,346 - agents.user_preference_agent - INFO - Initializing UserPreferenceAgent...
2025-07-17 09:42:17,447 - agents.user_preference_agent - INFO - UserPreferenceAgent initialized successfully
2025-07-17 09:42:17,447 - agents.product_search_agent - INFO - Initializing ProductSearchAgent...
2025-07-17 09:42:17,548 - agents.product_search_agent - INFO - ProductSearchAgent initialized successfully
2025-07-17 09:42:17,548 - agents.result_aggregator_agent - INFO - Initializing ResultAggregatorAgent...
2025-07-17 09:42:17,649 - agents.result_aggregator_agent - INFO - ResultAggregatorAgent initialized successfully
2025-07-17 09:42:17,649 - main - INFO - アプリケーションの初期化が完了しました
2025-07-17 09:42:24,421 - main - INFO - アプリケーションを終了中...
2025-07-17 09:42:24,421 - agents.conversation_agent - INFO - Cleaning up ConversationAgent...
2025-07-17 09:42:24,421 - agents.conversation_agent - INFO - ConversationAgent cleaned up successfully
2025-07-17 09:42:24,421 - agents.user_preference_agent - INFO - Cleaning up UserPreferenceAgent...
2025-07-17 09:42:24,421 - agents.user_preference_agent - INFO - UserPreferenceAgent cleaned up successfully
2025-07-17 09:42:24,421 - agents.product_search_agent - INFO - Cleaning up ProductSearchAgent...
2025-07-17 09:42:24,421 - agents.product_search_agent - INFO - ProductSearchAgent cleaned up successfully
2025-07-17 09:42:24,421 - agents.result_aggregator_agent - INFO - Cleaning up ResultAggregatorAgent...
2025-07-17 09:42:24,421 - agents.result_aggregator_agent - INFO - ResultAggregatorAgent cleaned up successfully
2025-07-17 09:42:24,421 - main - INFO - アプリケーションの終了が完了しました
2025-07-17 09:42:24,644 - session.session_manager - INFO - SessionManager initialized with 24h timeout
2025-07-17 09:42:24,646 - main - INFO - お買い物エージェントを起動中...
2025-07-17 09:42:24,646 - agents.conversation_agent - INFO - Initializing ConversationAgent...
2025-07-17 09:42:24,747 - agents.conversation_agent - INFO - ConversationAgent initialized successfully
2025-07-17 09:42:24,748 - agents.user_preference_agent - INFO - Initializing UserPreferenceAgent...
2025-07-17 09:42:24,849 - agents.user_preference_agent - INFO - UserPreferenceAgent initialized successfully
2025-07-17 09:42:24,849 - agents.product_search_agent - INFO - Initializing ProductSearchAgent...
2025-07-17 09:42:24,950 - agents.product_search_agent - INFO - ProductSearchAgent initialized successfully
2025-07-17 09:42:24,950 - agents.result_aggregator_agent - INFO - Initializing ResultAggregatorAgent...
2025-07-17 09:42:25,051 - agents.result_aggregator_agent - INFO - ResultAggregatorAgent initialized successfully
2025-07-17 09:42:25,051 - main - INFO - アプリケーションの初期化が完了しました
2025-07-17 09:42:37,988 - main - INFO - アプリケーションを終了中...
2025-07-17 09:42:37,988 - agents.conversation_agent - INFO - Cleaning up ConversationAgent...
2025-07-17 09:42:37,988 - agents.conversation_agent - INFO - ConversationAgent cleaned up successfully
2025-07-17 09:42:37,988 - agents.user_preference_agent - INFO - Cleaning up UserPreferenceAgent...
2025-07-17 09:42:37,988 - agents.user_preference_agent - INFO - UserPreferenceAgent cleaned up successfully
2025-07-17 09:42:37,988 - agents.product_search_agent - INFO - Cleaning up ProductSearchAgent...
2025-07-17 09:42:37,988 - agents.product_search_agent - INFO - ProductSearchAgent cleaned up successfully
2025-07-17 09:42:37,988 - agents.result_aggregator_agent - INFO - Cleaning up ResultAggregatorAgent...
2025-07-17 09:42:37,988 - agents.result_aggregator_agent - INFO - ResultAggregatorAgent cleaned up successfully
2025-07-17 09:42:37,988 - main - INFO - アプリケーションの終了が完了しました
2025-07-17 09:42:38,296 - session.session_manager - INFO - SessionManager initialized with 24h timeout
2025-07-17 09:42:38,299 - main - INFO - お買い物エージェントを起動中...
2025-07-17 09:42:38,299 - agents.conversation_agent - INFO - Initializing ConversationAgent...
2025-07-17 09:42:38,400 - agents.conversation_agent - INFO - ConversationAgent initialized successfully
2025-07-17 09:42:38,400 - agents.user_preference_agent - INFO - Initializing UserPreferenceAgent...
2025-07-17 09:42:38,501 - agents.user_preference_agent - INFO - UserPreferenceAgent initialized successfully
2025-07-17 09:42:38,501 - agents.product_search_agent - INFO - Initializing ProductSearchAgent...
2025-07-17 09:42:38,602 - agents.product_search_agent - INFO - ProductSearchAgent initialized successfully
2025-07-17 09:42:38,603 - agents.result_aggregator_agent - INFO - Initializing ResultAggregatorAgent...
2025-07-17 09:42:38,704 - agents.result_aggregator_agent - INFO - ResultAggregatorAgent initialized successfully
2025-07-17 09:42:38,704 - main - INFO - アプリケーションの初期化が完了しました
2025-07-17 09:46:04,332 - main - INFO - アプリケーションを終了中...
2025-07-17 09:46:04,333 - agents.conversation_agent - INFO - Cleaning up ConversationAgent...
2025-07-17 09:46:04,333 - agents.conversation_agent - INFO - ConversationAgent cleaned up successfully
2025-07-17 09:46:04,333 - agents.user_preference_agent - INFO - Cleaning up UserPreferenceAgent...
2025-07-17 09:46:04,333 - agents.user_preference_agent - INFO - UserPreferenceAgent cleaned up successfully
2025-07-17 09:46:04,333 - agents.product_search_agent - INFO - Cleaning up ProductSearchAgent...
2025-07-17 09:46:04,333 - agents.product_search_agent - INFO - ProductSearchAgent cleaned up successfully
2025-07-17 09:46:04,333 - agents.result_aggregator_agent - INFO - Cleaning up ResultAggregatorAgent...
2025-07-17 09:46:04,333 - agents.result_aggregator_agent - INFO - ResultAggregatorAgent cleaned up successfully
2025-07-17 09:46:04,333 - main - INFO - アプリケーションの終了が完了しました
2025-07-17 09:46:15,097 - session.session_manager - INFO - SessionManager initialized with 24h timeout
2025-07-17 09:46:15,100 - main - INFO - お買い物エージェントを起動中...
2025-07-17 09:46:15,100 - agents.conversation_agent - INFO - Initializing ConversationAgent...
2025-07-17 09:46:15,201 - agents.conversation_agent - INFO - ConversationAgent initialized successfully
2025-07-17 09:46:15,201 - agents.user_preference_agent - INFO - Initializing UserPreferenceAgent...
2025-07-17 09:46:15,302 - agents.user_preference_agent - INFO - UserPreferenceAgent initialized successfully
2025-07-17 09:46:15,303 - agents.product_search_agent - INFO - Initializing ProductSearchAgent...
2025-07-17 09:46:15,404 - agents.product_search_agent - INFO - ProductSearchAgent initialized successfully
2025-07-17 09:46:15,404 - agents.result_aggregator_agent - INFO - Initializing ResultAggregatorAgent...
2025-07-17 09:46:15,505 - agents.result_aggregator_agent - INFO - ResultAggregatorAgent initialized successfully
2025-07-17 09:46:15,506 - main - INFO - アプリケーションの初期化が完了しました
2025-07-17 09:46:26,538 - session.session_manager - INFO - Created session data for: 8b8ef617-b0f0-4183-b6a9-66c3856abb51
2025-07-17 09:48:37,490 - main - INFO - アプリケーションを終了中...
2025-07-17 09:48:37,490 - agents.conversation_agent - INFO - Cleaning up ConversationAgent...
2025-07-17 09:48:37,490 - agents.conversation_agent - INFO - ConversationAgent cleaned up successfully
2025-07-17 09:48:37,490 - agents.user_preference_agent - INFO - Cleaning up UserPreferenceAgent...
2025-07-17 09:48:37,490 - agents.user_preference_agent - INFO - UserPreferenceAgent cleaned up successfully
2025-07-17 09:48:37,490 - agents.product_search_agent - INFO - Cleaning up ProductSearchAgent...
2025-07-17 09:48:37,490 - agents.product_search_agent - INFO - ProductSearchAgent cleaned up successfully
2025-07-17 09:48:37,490 - agents.result_aggregator_agent - INFO - Cleaning up ResultAggregatorAgent...
2025-07-17 09:48:37,490 - agents.result_aggregator_agent - INFO - ResultAggregatorAgent cleaned up successfully
2025-07-17 09:48:37,490 - main - INFO - アプリケーションの終了が完了しました
2025-07-17 09:48:39,496 - session.session_manager - INFO - SessionManager initialized with 24h timeout
2025-07-17 09:48:39,499 - main - INFO - お買い物エージェントを起動中...
2025-07-17 09:48:39,499 - agents.conversation_agent - INFO - Initializing ConversationAgent...
2025-07-17 09:48:39,600 - agents.conversation_agent - INFO - ConversationAgent initialized successfully
2025-07-17 09:48:39,600 - agents.user_preference_agent - INFO - Initializing UserPreferenceAgent...
2025-07-17 09:48:39,701 - agents.user_preference_agent - INFO - UserPreferenceAgent initialized successfully
2025-07-17 09:48:39,701 - agents.product_search_agent - INFO - Initializing ProductSearchAgent...
2025-07-17 09:48:39,803 - agents.product_search_agent - INFO - ProductSearchAgent initialized successfully
2025-07-17 09:48:39,803 - agents.result_aggregator_agent - INFO - Initializing ResultAggregatorAgent...
2025-07-17 09:48:39,905 - agents.result_aggregator_agent - INFO - ResultAggregatorAgent initialized successfully
2025-07-17 09:48:39,905 - main - INFO - アプリケーションの初期化が完了しました
2025-07-17 09:49:49,204 - session.session_manager - INFO - Created session data for: 916fabe5-c919-41d6-b4f2-cd0a0df6f58c
2025-07-17 09:52:40,873 - main - INFO - アプリケーションを終了中...
2025-07-17 09:52:40,873 - agents.conversation_agent - INFO - Cleaning up ConversationAgent...
2025-07-17 09:52:40,873 - agents.conversation_agent - INFO - ConversationAgent cleaned up successfully
2025-07-17 09:52:40,873 - agents.user_preference_agent - INFO - Cleaning up UserPreferenceAgent...
2025-07-17 09:52:40,873 - agents.user_preference_agent - INFO - UserPreferenceAgent cleaned up successfully
2025-07-17 09:52:40,874 - agents.product_search_agent - INFO - Cleaning up ProductSearchAgent...
2025-07-17 09:52:40,874 - agents.product_search_agent - INFO - ProductSearchAgent cleaned up successfully
2025-07-17 09:52:40,874 - agents.result_aggregator_agent - INFO - Cleaning up ResultAggregatorAgent...
2025-07-17 09:52:40,874 - agents.result_aggregator_agent - INFO - ResultAggregatorAgent cleaned up successfully
2025-07-17 09:52:40,874 - main - INFO - アプリケーションの終了が完了しました
2025-07-17 09:52:42,798 - session.session_manager - INFO - SessionManager initialized with 24h timeout
2025-07-17 09:52:42,800 - main - INFO - お買い物エージェントを起動中...
2025-07-17 09:52:42,800 - agents.conversation_agent - INFO - Initializing ConversationAgent...
2025-07-17 09:52:42,901 - agents.conversation_agent - INFO - ConversationAgent initialized successfully
2025-07-17 09:52:42,901 - agents.user_preference_agent - INFO - Initializing UserPreferenceAgent...
2025-07-17 09:52:43,002 - agents.user_preference_agent - INFO - UserPreferenceAgent initialized successfully
2025-07-17 09:52:43,003 - agents.product_search_agent - INFO - Initializing ProductSearchAgent...
2025-07-17 09:52:43,103 - agents.product_search_agent - INFO - ProductSearchAgent initialized successfully
2025-07-17 09:52:43,104 - agents.result_aggregator_agent - INFO - Initializing ResultAggregatorAgent...
2025-07-17 09:52:43,205 - agents.result_aggregator_agent - INFO - ResultAggregatorAgent initialized successfully
2025-07-17 09:52:43,206 - main - INFO - アプリケーションの初期化が完了しました
